<?xml version="1.0" encoding="UTF-8"?>
<!-- Generated by org.testng.reporters.JUnitReportReporter -->
<testsuite hostname="LAPTOP-9TE3HTMN" failures="0" tests="1" name="com.Mytests.HomePageTest" time="31.514" errors="0" timestamp="2021-02-12T20:23:01 IST" skipped="0">
  <testcase classname="com.Mytests.HomePageTest" name="selectOptionsTest" time="31.514"/>
  <system-out/>
</testsuite> <!-- com.Mytests.HomePageTest -->
