<?xml version="1.0" encoding="UTF-8"?>
<!-- Generated by org.testng.reporters.JUnitReportReporter -->
<testsuite hostname="LAPTOP-9TE3HTMN" failures="0" tests="1" name="com.Mytests.TimeandAbsenceTest" time="41.809" errors="0" timestamp="2021-02-12T21:58:34 IST" skipped="0">
  <testcase classname="com.Mytests.TimeandAbsenceTest" name="selectOptionsTest" time="41.809"/>
  <system-out/>
</testsuite> <!-- com.Mytests.TimeandAbsenceTest -->
