<?xml version="1.0" encoding="UTF-8"?>
<!-- Generated by org.testng.reporters.JUnitReportReporter -->
<testsuite hostname="LAPTOP-9TE3HTMN" failures="0" tests="2" name="com.Mytests.LoginTest" time="42.399" errors="0" timestamp="2021-02-11T22:13:03 IST" skipped="1">
  <testcase classname="com.Mytests.LoginTest" name="doLoginTest" time="42.399"/>
  <system-out/>
  <testcase classname="com.Mytests.LoginTest" name="verifyLoginpageTitletest">
    <skipped/>
  </testcase> <!-- verifyLoginpageTitletest -->
  <system-out/>
</testsuite> <!-- com.Mytests.LoginTest -->
