<?xml version="1.0" encoding="UTF-8"?>
<!-- Generated by org.testng.reporters.JUnitReportReporter -->
<testsuite hostname="LAPTOP-9TE3HTMN" failures="0" tests="2" name="Opentesting.SeleniumPractice.WorldometerTest" time="24.268" errors="0" timestamp="2021-05-16T12:21:58 IST" skipped="1">
  <testcase classname="Opentesting.SeleniumPractice.WorldometerTest" name="test2" time="24.268"/>
  <system-out/>
  <testcase classname="Opentesting.SeleniumPractice.WorldometerTest" name="test1">
    <skipped/>
  </testcase> <!-- test1 -->
  <system-out/>
</testsuite> <!-- Opentesting.SeleniumPractice.WorldometerTest -->
