<?xml version="1.0" encoding="UTF-8"?>
<!-- Generated by org.testng.reporters.JUnitReportReporter -->
<testsuite hostname="LAPTOP-9TE3HTMN" failures="0" tests="2" name="com.opentesting.tests.HomePageTest" time="280.360" errors="0" timestamp="2021-05-30T10:34:11 IST" skipped="0">
  <testcase classname="com.opentesting.tests.HomePageTest" name="TC_001" time="31.637"/>
  <system-out/>
  <testcase classname="com.opentesting.tests.HomePageTest" name="TC_002" time="248.723"/>
  <system-out/>
</testsuite> <!-- com.opentesting.tests.HomePageTest -->
