<?xml version="1.0" encoding="UTF-8"?>
<!-- Generated by org.testng.reporters.JUnitReportReporter -->
<testsuite hostname="LAPTOP-9TE3HTMN" failures="0" tests="4" name="dataprovider.DataProviderTest" time="0.015" errors="0" timestamp="2021-05-25T16:07:49 IST" skipped="1">
  <testcase classname="dataprovider.DataProviderTest" name="test1" time="0.011"/>
  <system-out/>
  <testcase classname="dataprovider.DataProviderTest" name="test1" time="0.002"/>
  <system-out/>
  <testcase classname="dataprovider.DataProviderTest" name="test1" time="0.002"/>
  <system-out/>
  <testcase classname="dataprovider.DataProviderTest" name="test2">
    <skipped/>
  </testcase> <!-- test2 -->
  <system-out/>
</testsuite> <!-- dataprovider.DataProviderTest -->
