<?xml version="1.0" encoding="UTF-8"?>
<!-- Generated by org.testng.reporters.JUnitReportReporter -->
<testsuite hostname="LAPTOP-9TE3HTMN" failures="0" tests="1" name="listeners.TestB" time="0.003" errors="0" timestamp="2021-05-06T11:05:16 IST" skipped="0">
  <testcase classname="listeners.TestB" name="testcase3" time="0.003"/>
  <system-out/>
</testsuite> <!-- listeners.TestB -->
