<?xml version="1.0" encoding="UTF-8"?>
<!-- Generated by org.testng.reporters.JUnitReportReporter -->
<testsuite hostname="LAPTOP-9TE3HTMN" failures="0" tests="1" name="TestngParallel.ParallelTestClass2Edge" time="4.124" errors="0" timestamp="2021-04-18T22:54:59 IST" skipped="0">
  <testcase classname="TestngParallel.ParallelTestClass2Edge" name="EdgeTestMethod" time="4.124"/>
  <system-out/>
</testsuite> <!-- TestngParallel.ParallelTestClass2Edge -->
