<?xml version="1.0" encoding="UTF-8"?>
<!-- Generated by org.testng.reporters.JUnitReportReporter -->
<testsuite hostname="LAPTOP-9TE3HTMN" failures="0" tests="5" name="extentsreports.Extentreport" time="2.035" errors="0" timestamp="2021-05-14T20:39:55 IST" skipped="4">
  <testcase classname="extentsreports.Extentreport" name="extenttest2" time="2.035"/>
  <system-out/>
  <testcase classname="extentsreports.Extentreport" name="extenttest7">
    <skipped/>
  </testcase> <!-- extenttest7 -->
  <system-out/>
  <testcase classname="extentsreports.Extentreport" name="extenttest6">
    <skipped/>
  </testcase> <!-- extenttest6 -->
  <system-out/>
  <testcase classname="extentsreports.Extentreport" name="extenttest">
    <skipped/>
  </testcase> <!-- extenttest -->
  <system-out/>
  <testcase classname="extentsreports.Extentreport" name="extenttest5">
    <skipped/>
  </testcase> <!-- extenttest5 -->
  <system-out/>
</testsuite> <!-- extentsreports.Extentreport -->
