<?xml version="1.0" encoding="UTF-8"?>
<!-- Generated by org.testng.reporters.JUnitReportReporter -->
<testsuite hostname="LAPTOP-9TE3HTMN" failures="0" tests="3" name="listenerusecase.B" time="0.011" errors="0" timestamp="2021-05-08T17:40:07 IST" skipped="0">
  <testcase classname="listenerusecase.B" name="test5" time="0.005"/>
  <system-out/>
  <testcase classname="listenerusecase.B" name="test4" time="0.005"/>
  <system-out/>
  <testcase classname="listenerusecase.B" name="test6" time="0.001"/>
  <system-out/>
</testsuite> <!-- listenerusecase.B -->
