<?xml version="1.0" encoding="UTF-8"?>
<!-- Generated by org.testng.reporters.JUnitReportReporter -->
<testsuite hostname="LAPTOP-9TE3HTMN" failures="0" tests="3" name="listenerusecase.A" time="0.006" errors="0" timestamp="2021-05-08T17:40:07 IST" skipped="0">
  <testcase classname="listenerusecase.A" name="test3" time="0.002"/>
  <system-out/>
  <testcase classname="listenerusecase.A" name="test2" time="0.002"/>
  <system-out/>
  <testcase classname="listenerusecase.A" name="test1" time="0.002"/>
  <system-out/>
</testsuite> <!-- listenerusecase.A -->
