<?xml version="1.0" encoding="UTF-8"?>
<!-- Generated by org.testng.reporters.JUnitReportReporter -->
<testsuite hostname="LAPTOP-9TE3HTMN" failures="0" tests="2" name="parallel.TestClass2" time="0.011" errors="0" timestamp="2021-01-29T23:18:22 IST" skipped="0">
  <testcase classname="parallel.TestClass2" name="testB" time="0.002"/>
  <system-out/>
  <testcase classname="parallel.TestClass2" name="testA" time="0.009"/>
  <system-out/>
</testsuite> <!-- parallel.TestClass2 -->
