<?xml version="1.0" encoding="UTF-8"?>
<!-- Generated by org.testng.reporters.JUnitReportReporter -->
<testsuite hostname="LAPTOP-9TE3HTMN" failures="0" tests="1" name="TestngParallel.ParallelTestClass1Chrome" time="4.014" errors="0" timestamp="2021-04-18T22:54:59 IST" skipped="0">
  <testcase classname="TestngParallel.ParallelTestClass1Chrome" name="ChromeTestMethod" time="4.014"/>
  <system-out/>
</testsuite> <!-- TestngParallel.ParallelTestClass1Chrome -->
