<?xml version="1.0" encoding="UTF-8"?>
<!-- Generated by org.testng.reporters.JUnitReportReporter -->
<testsuite hostname="LAPTOP-9TE3HTMN" failures="0" tests="3" name="listeners.Runner" time="0.021" errors="0" timestamp="2021-05-06T09:24:12 IST" skipped="0">
  <testcase classname="listeners.Runner" name="test1" time="0.013"/>
  <system-out/>
  <testcase classname="listeners.Runner" name="test2" time="0.004"/>
  <system-out/>
  <testcase classname="listeners.Runner" name="test3" time="0.004"/>
  <system-out/>
</testsuite> <!-- listeners.Runner -->
