<?xml version="1.0" encoding="UTF-8"?>
<!-- Generated by org.testng.reporters.JUnitReportReporter -->
<testsuite hostname="LAPTOP-9TE3HTMN" failures="0" tests="2" name="TestngParallel.ParallelTest" time="25.711" errors="0" timestamp="2021-04-18T22:29:17 IST" skipped="0">
  <testcase classname="TestngParallel.ParallelTest" name="ChromeTest" time="8.431"/>
  <system-out/>
  <testcase classname="TestngParallel.ParallelTest" name="EdgeTest" time="17.280"/>
  <system-out/>
</testsuite> <!-- TestngParallel.ParallelTest -->
