<?xml version="1.0" encoding="UTF-8"?>
<!-- Generated by org.testng.reporters.JUnitReportReporter -->
<testsuite hostname="LAPTOP-9TE3HTMN" failures="0" tests="2" name="Testgroup.Artefact3.TestClass2" time="0.016" errors="0" timestamp="2021-01-29T22:36:04 IST" skipped="0">
  <testcase classname="Testgroup.Artefact3.TestClass2" name="testA" time="0.013"/>
  <system-out/>
  <testcase classname="Testgroup.Artefact3.TestClass2" name="testB" time="0.003"/>
  <system-out/>
</testsuite> <!-- Testgroup.Artefact3.TestClass2 -->
