<?xml version="1.0" encoding="UTF-8"?>
<!-- Generated by org.testng.reporters.JUnitReportReporter -->
<testsuite hostname="LAPTOP-9TE3HTMN" failures="0" tests="3" name="listeners.TestA" time="0.015" errors="0" timestamp="2021-05-06T11:05:16 IST" skipped="0">
  <testcase classname="listeners.TestA" name="testcase5" time="0.003"/>
  <system-out/>
  <testcase classname="listeners.TestA" name="testcase6" time="0.002"/>
  <system-out/>
  <testcase classname="listeners.TestA" name="testcase2" time="0.010"/>
  <system-out/>
</testsuite> <!-- listeners.TestA -->
