<?xml version="1.0" encoding="UTF-8"?>
<!-- Generated by org.testng.reporters.JUnitReportReporter -->
<testsuite hostname="LAPTOP-9TE3HTMN" failures="0" tests="4" name="dataprovider.DataProviderWithHashmap" time="0.014" errors="0" timestamp="2021-05-04T10:42:36 IST" skipped="0">
  <testcase classname="dataprovider.DataProviderWithHashmap" name="test1" time="0.002"/>
  <system-out/>
  <testcase classname="dataprovider.DataProviderWithHashmap" name="test1" time="0.001"/>
  <system-out/>
  <testcase classname="dataprovider.DataProviderWithHashmap" name="test1" time="0.009"/>
  <system-out/>
  <testcase classname="dataprovider.DataProviderWithHashmap" name="test1" time="0.002"/>
  <system-out/>
</testsuite> <!-- dataprovider.DataProviderWithHashmap -->
