<?xml version="1.0" encoding="UTF-8"?>
<!-- Generated by org.testng.reporters.JUnitReportReporter -->
<testsuite hostname="LAPTOP-9TE3HTMN" failures="0" tests="2" name="parallel.TestClass1" time="0.008" errors="0" timestamp="2021-01-29T23:18:22 IST" skipped="0">
  <testcase classname="parallel.TestClass1" name="testA" time="0.007"/>
  <system-out/>
  <testcase classname="parallel.TestClass1" name="testB" time="0.001"/>
  <system-out/>
</testsuite> <!-- parallel.TestClass1 -->
