<?xml version="1.0" encoding="UTF-8"?>
<!-- Generated by org.testng.reporters.JUnitReportReporter -->
<testsuite hostname="LAPTOP-9TE3HTMN" failures="0" tests="1" name="com.opentesting.tests.LoginPageTest" time="11.556" errors="0" timestamp="2021-04-26T11:10:35 IST" skipped="0">
  <testcase classname="com.opentesting.tests.LoginPageTest" name="test1" time="11.556"/>
  <system-out/>
</testsuite> <!-- com.opentesting.tests.LoginPageTest -->
